<?xml version="1.0" encoding="UTF-8" ?>
<testsuite errors="1" failures="0" hostname="impetus-l046" name="com.impetus.octopus.test.ParallelForTest" tests="1" time="0.0" timestamp="2008-05-15T05:35:14">
  <properties>
    <property name="java.vendor" value="Sun Microsystems Inc." />
    <property name="home" value="d:\ilabs\sourcecode\octopus2\Product\octopus\build/.." />
    <property name="sun.management.compiler" value="HotSpot Client Compiler" />
    <property name="os.name" value="Windows XP" />
    <property name="sun.boot.class.path" value="c:\Java\jdk1.5.0_05\jre\lib\rt.jar;c:\Java\jdk1.5.0_05\jre\lib\i18n.jar;c:\Java\jdk1.5.0_05\jre\lib\sunrsasign.jar;c:\Java\jdk1.5.0_05\jre\lib\jsse.jar;c:\Java\jdk1.5.0_05\jre\lib\jce.jar;c:\Java\jdk1.5.0_05\jre\lib\charsets.jar;c:\Java\jdk1.5.0_05\jre\classes" />
    <property name="sun.desktop" value="windows" />
    <property name="java.vm.specification.vendor" value="Sun Microsystems Inc." />
    <property name="java.runtime.version" value="1.5.0_05-b05" />
    <property name="user.name" value="Administrator" />
    <property name="user.language" value="en" />
    <property name="build" value="d:\ilabs\sourcecode\octopus2\Product\octopus\build/../build" />
    <property name="sun.boot.library.path" value="c:\Java\jdk1.5.0_05\jre\bin" />
    <property name="ant.project.name" value="Octopus" />
    <property name="java.version" value="1.5.0_05" />
    <property name="version" value="0.0.0.0" />
    <property name="user.timezone" value="" />
    <property name="test.out" value="d:\ilabs\sourcecode\octopus2\Product\octopus\build/../../../Test/report" />
    <property name="bin" value="d:\ilabs\sourcecode\octopus2\Product\octopus\build/../bin" />
    <property name="sun.arch.data.model" value="32" />
    <property name="cp.main" value="d:\ilabs\sourcecode\octopus2\Product\octopus\bin" />
    <property name="java.endorsed.dirs" value="c:\Java\jdk1.5.0_05\jre\lib\endorsed" />
    <property name="jar" value="d:\ilabs\sourcecode\octopus2\Product\octopus\build/../jar" />
    <property name="sun.cpu.isalist" value="pentium_pro+mmx pentium_pro pentium+mmx pentium i486 i386 i86" />
    <property name="sun.jnu.encoding" value="Cp1252" />
    <property name="file.encoding.pkg" value="sun.io" />
    <property name="file.separator" value="\" />
    <property name="java.specification.name" value="Java Platform API Specification" />
    <property name="java.class.version" value="49.0" />
    <property name="src" value="d:\ilabs\sourcecode\octopus2\Product\octopus\build/../src" />
    <property name="cp.junit" value="d:\ilabs\sourcecode\octopus2\Test\lib\junit3-8-1.jar" />
    <property name="user.country" value="US" />
    <property name="java.home" value="c:\Java\jdk1.5.0_05\jre" />
    <property name="java.vm.info" value="mixed mode, sharing" />
    <property name="ant.file" value="d:\ilabs\sourcecode\octopus2\Product\octopus\build\build.xml" />
    <property name="os.version" value="5.1" />
    <property name="test.lib" value="d:\ilabs\sourcecode\octopus2\Product\octopus\build/../../../Test/lib" />
    <property name="path.separator" value=";" />
    <property name="java.vm.version" value="1.5.0_05-b05" />
    <property name="user.variant" value="" />
    <property name="java.awt.printerjob" value="sun.awt.windows.WPrinterJob" />
    <property name="JAVA_HOME" value="/cygdrive/c/Java/jdk1.5.0_05" />
    <property name="sun.io.unicode.encoding" value="UnicodeLittle" />
    <property name="test.classes" value="d:\ilabs\sourcecode\octopus2\Product\octopus\build/../../../Test/bin" />
    <property name="awt.toolkit" value="sun.awt.windows.WToolkit" />
    <property name="ant.file.Octopus" value="d:\ilabs\sourcecode\octopus2\Product\octopus\build\build.xml" />
    <property name="user.home" value="C:\Documents and Settings\Administrator" />
    <property name="dst" value="d:\ilabs\sourcecode\octopus2\Product\octopus\build/../dst" />
    <property name="java.specification.vendor" value="Sun Microsystems Inc." />
    <property name="test" value="d:\ilabs\sourcecode\octopus2\Product\octopus\build/../../../Test" />
    <property name="java.library.path" value="c:\Java\jdk1.5.0_05\bin;.;C:\WINDOWS\system32;C:\WINDOWS;C:\cygwin\usr\local\bin;C:\cygwin\bin;C:\cygwin\bin;c:\Tcl\bin;c:\Program Files\ActiveState Komodo Edit 4.2\;c:\Program Files\PC Connectivity Solution\;c:\Perl\bin\;c:\WINDOWS\system32;c:\WINDOWS;c:\WINDOWS\System32\Wbem;c:\Program Files\Perforce;c:\apache-ant-1.6.2\bin;c:\Program Files\QuickTime\QTSystem\;c:\nmake\bin;c:\zip" />
    <property name="java.vendor.url" value="http://java.sun.com/" />
    <property name="VERSION" value="0.0.0.0" />
    <property name="java.vm.vendor" value="Sun Microsystems Inc." />
    <property name="java.runtime.name" value="Java(TM) 2 Runtime Environment, Standard Edition" />
    <property name="java.class.path" value=".;c:\Java\jdk1.5.0_05\lib\tools.jar;d:\ilabs\sourcecode\octopus2\Support\ant\ant-antlr.jar;d:\ilabs\sourcecode\octopus2\Support\ant\ant-apache-bcel.jar;d:\ilabs\sourcecode\octopus2\Support\ant\ant-apache-bsf.jar;d:\ilabs\sourcecode\octopus2\Support\ant\ant-apache-log4j.jar;d:\ilabs\sourcecode\octopus2\Support\ant\ant-apache-oro.jar;d:\ilabs\sourcecode\octopus2\Support\ant\ant-apache-regexp.jar;d:\ilabs\sourcecode\octopus2\Support\ant\ant-apache-resolver.jar;d:\ilabs\sourcecode\octopus2\Support\ant\ant-commons-logging.jar;d:\ilabs\sourcecode\octopus2\Support\ant\ant-commons-net.jar;d:\ilabs\sourcecode\octopus2\Support\ant\ant-jai.jar;d:\ilabs\sourcecode\octopus2\Support\ant\ant-javamail.jar;d:\ilabs\sourcecode\octopus2\Support\ant\ant-jdepend.jar;d:\ilabs\sourcecode\octopus2\Support\ant\ant-jmf.jar;d:\ilabs\sourcecode\octopus2\Support\ant\ant-jsch.jar;d:\ilabs\sourcecode\octopus2\Support\ant\ant-junit.jar;d:\ilabs\sourcecode\octopus2\Support\ant\ant-launcher.jar;d:\ilabs\sourcecode\octopus2\Support\ant\ant-netrexx.jar;d:\ilabs\sourcecode\octopus2\Support\ant\ant-nodeps.jar;d:\ilabs\sourcecode\octopus2\Support\ant\ant-starteam.jar;d:\ilabs\sourcecode\octopus2\Support\ant\ant-stylebook.jar;d:\ilabs\sourcecode\octopus2\Support\ant\ant-swing.jar;d:\ilabs\sourcecode\octopus2\Support\ant\ant-testutil.jar;d:\ilabs\sourcecode\octopus2\Support\ant\ant-trax.jar;d:\ilabs\sourcecode\octopus2\Support\ant\ant-weblogic.jar;d:\ilabs\sourcecode\octopus2\Support\ant\ant.jar;d:\ilabs\sourcecode\octopus2\Support\ant\commons-net-1.4.1.jar;d:\ilabs\sourcecode\octopus2\Support\ant\xercesImpl.jar;d:\ilabs\sourcecode\octopus2\Support\ant\xml-apis.jar" />
    <property name="ant.version" value="Apache Ant version 1.7.0 compiled on December 13 2006" />
    <property name="java.vm.specification.name" value="Java Virtual Machine Specification" />
    <property name="java.vm.specification.version" value="1.0" />
    <property name="cp.test" value="d:\ilabs\sourcecode\octopus2\Product\octopus\bin;d:\ilabs\sourcecode\octopus2\Test\bin;d:\ilabs\sourcecode\octopus2\Test\lib\junit3-8-1.jar" />
    <property name="sun.cpu.endian" value="little" />
    <property name="sun.os.patch.level" value="Service Pack 2" />
    <property name="java.io.tmpdir" value="c:\DOCUME~1\ADMINI~1\LOCALS~1\Temp\" />
    <property name="test.src" value="d:\ilabs\sourcecode\octopus2\Product\octopus\build/../../../Test/src" />
    <property name="java.vendor.url.bug" value="http://java.sun.com/cgi-bin/bugreport.cgi" />
    <property name="os.arch" value="x86" />
    <property name="java.awt.graphicsenv" value="sun.awt.Win32GraphicsEnvironment" />
    <property name="javadoc" value="d:\ilabs\sourcecode\octopus2\Product\octopus\build/../javadoc" />
    <property name="java.ext.dirs" value="c:\Java\jdk1.5.0_05\jre\lib\ext" />
    <property name="user.dir" value="d:\ilabs\sourcecode\octopus2\Product\octopus\build" />
    <property name="line.separator" value="
" />
    <property name="java.vm.name" value="Java HotSpot(TM) Client VM" />
    <property name="basedir" value="d:\ilabs\sourcecode\octopus2\Product\octopus\build" />
    <property name="ant.java.version" value="1.5" />
    <property name="ant.core.lib" value="D:\ilabs\sourcecode\octopus2\Support\ant\ant.jar" />
    <property name="support" value="d:\ilabs\sourcecode\octopus2\Product\octopus\build/../../../Support" />
    <property name="file.encoding" value="Cp1252" />
    <property name="readme" value="d:\ilabs\sourcecode\octopus2\Product\octopus\build/../../../Support/userdocs/README" />
    <property name="java.specification.version" value="1.5" />
  </properties>
  <testcase classname="com.impetus.octopus.test.ParallelForTest" name="unknown" time="0.016">
    <error message="Forked Java VM exited abnormally. Please note the time in the report does not reflect the time until the VM exit." type="junit.framework.AssertionFailedError">junit.framework.AssertionFailedError: Forked Java VM exited abnormally. Please note the time in the report does not reflect the time until the VM exit.
</error>
  </testcase>
</testsuite>
